--- Log opened Wed Nov 18 06:17:49 2015
06:17 -!- Tehnix [Tehnix@9714F7BB.6393BEE4.4ECC9EEA.IP] has joined #lobby
06:17 -!- Irssi: #lobby: Total of 1 nicks [1 ops, 0 halfops, 0 voices, 0 normal]
06:17 -!- Irssi: Join to #lobby was synced in 6 secs
--- Log closed Wed Nov 18 06:18:07 2015
--- Log opened Wed Nov 18 06:18:25 2015
06:18 -!- Tehnix [Tehnix@9714F7BB.6393BEE4.4ECC9EEA.IP] has joined #lobby
06:18 -!- Irssi: #lobby: Total of 1 nicks [1 ops, 0 halfops, 0 voices, 0 normal]
06:18 -!- Irssi: Join to #lobby was synced in 6 secs
06:18 -!- You're now known as s
--- Log closed Wed Nov 18 06:18:41 2015
--- Log opened Wed Nov 18 06:18:58 2015
06:18 -!- Tehnix [Tehnix@9714F7BB.6393BEE4.4ECC9EEA.IP] has joined #lobby
06:18 -!- Irssi: #lobby: Total of 1 nicks [1 ops, 0 halfops, 0 voices, 0 normal]
06:19 -!- Irssi: Join to #lobby was synced in 6 secs
--- Log closed Wed Nov 18 06:19:00 2015
--- Log opened Wed Nov 18 06:19:16 2015
06:19 -!- Tehnix [Tehnix@9714F7BB.6393BEE4.4ECC9EEA.IP] has joined #lobby
06:19 -!- Irssi: #lobby: Total of 1 nicks [1 ops, 0 halfops, 0 voices, 0 normal]
06:19 -!- Irssi: Join to #lobby was synced in 6 secs
06:20 -!- s [nobody@ghost-CCE20C.us-west-1.compute.amazonaws.com] has joined #lobby
06:20 @Tehnix : ls
06:20  s : [Christian Kjær, codetalk.io] wups
06:21 @Tehnix : Testing
06:21  s : [tehnix] Saup
06:21 -!- You're now known as tehnix
06:21 @tehnix : sup
--- Log closed Wed Nov 18 06:22:06 2015
