--- Log opened Wed Nov 18 06:17:45 2015
06:17 -NickServ(services@services.codetalk.io)- Nick Tehnix isn't registered.
06:18 [msg(nickserv)] register rolig2872 ckl@codetalk.io
06:18 -NickServ(services@services.codetalk.io)- Nickname Tehnix registered.
06:18 [msg(nickserv)] identify Tehnix
06:18 -NickServ(services@services.codetalk.io)- You are already identified.
--- Log closed Wed Nov 18 06:18:07 2015
--- Log opened Wed Nov 18 06:18:22 2015
06:18 -NickServ(services@services.codetalk.io)- This nickname is registered and protected.  If it is your
06:18 -NickServ(services@services.codetalk.io)- nick, type /msg NickServ IDENTIFY password.  Otherwise,
06:18 -NickServ(services@services.codetalk.io)- please choose a different nick.
06:18 -NickServ(services@services.codetalk.io)- Password accepted - you are now recognized.
06:18 -NickServ(services@services.codetalk.io)- This nickname is registered and protected.  If it is your
06:18 -NickServ(services@services.codetalk.io)- nick, type /msg NickServ IDENTIFY password.  Otherwise,
06:18 -NickServ(services@services.codetalk.io)- please choose a different nick.
06:18 [msg(nickserv)] identify 299792458
06:18 -NickServ(services@services.codetalk.io)- Password accepted - you are now recognized.
--- Log closed Wed Nov 18 06:18:41 2015
--- Log opened Wed Nov 18 06:18:54 2015
06:18 -NickServ(services@services.codetalk.io)- This nickname is registered and protected.  If it is your
06:18 -NickServ(services@services.codetalk.io)- nick, type /msg NickServ IDENTIFY password.  Otherwise,
06:18 -NickServ(services@services.codetalk.io)- please choose a different nick.
06:18 -NickServ(services@services.codetalk.io)- Password accepted - you are now recognized.
--- Log closed Wed Nov 18 06:19:00 2015
--- Log opened Wed Nov 18 06:19:13 2015
06:19 -NickServ(services@services.codetalk.io)- This nickname is registered and protected.  If it is your
06:19 -NickServ(services@services.codetalk.io)- nick, type /msg NickServ IDENTIFY password.  Otherwise,
06:19 -NickServ(services@services.codetalk.io)- please choose a different nick.
06:19 -NickServ(services@services.codetalk.io)- Password accepted - you are now recognized.
--- Log closed Wed Nov 18 06:22:06 2015
